0 info it worked if it ends with ok
1 verbose cli [ '/usr/bin/node', '/usr/bin/npm', 'run', 'server' ]
2 info using npm@3.5.2
3 info using node@v8.10.0
4 verbose run-script [ 'preserver', 'server', 'postserver' ]
5 info lifecycle react-apollo-express-example@1.0.0~preserver: react-apollo-express-example@1.0.0
6 silly lifecycle react-apollo-express-example@1.0.0~preserver: no script for preserver, continuing
7 info lifecycle react-apollo-express-example@1.0.0~server: react-apollo-express-example@1.0.0
8 verbose lifecycle react-apollo-express-example@1.0.0~server: unsafe-perm in lifecycle true
9 verbose lifecycle react-apollo-express-example@1.0.0~server: PATH: /usr/share/npm/bin/node-gyp-bin:/home/romanpeskov/projects/chat/node_modules/.bin:/tmp/yarn--1552493662105-0.5360875008069841:/home/romanpeskov/projects/chat/node_modules/.bin:/home/romanpeskov/.config/yarn/link/node_modules/.bin:/home/romanpeskov/projects/chat/node_modules/.bin:/home/romanpeskov/.config/yarn/link/node_modules/.bin:/home/romanpeskov/.yarn/bin:/usr/libexec/lib/node_modules/npm/bin/node-gyp-bin:/usr/lib/node_modules/npm/bin/node-gyp-bin:/usr/bin/node_modules/npm/bin/node-gyp-bin:/home/romanpeskov/projects/chat/node_modules/.bin:/usr/local/sbin:/usr/local/bin:/usr/sbin:/usr/bin:/sbin:/bin:/usr/games:/usr/local/games:/snap/bin
10 verbose lifecycle react-apollo-express-example@1.0.0~server: CWD: /home/romanpeskov/projects/chat
11 silly lifecycle react-apollo-express-example@1.0.0~server: Args: [ '-c', 'nodemon ./server/server.js' ]
12 silly lifecycle react-apollo-express-example@1.0.0~server: Returned: code: 143  signal: null
13 info lifecycle react-apollo-express-example@1.0.0~server: Failed to exec server script
14 verbose stack Error: react-apollo-express-example@1.0.0 server: `nodemon ./server/server.js`
14 verbose stack Exit status 143
14 verbose stack     at EventEmitter.<anonymous> (/usr/share/npm/lib/utils/lifecycle.js:232:16)
14 verbose stack     at emitTwo (events.js:126:13)
14 verbose stack     at EventEmitter.emit (events.js:214:7)
14 verbose stack     at ChildProcess.<anonymous> (/usr/share/npm/lib/utils/spawn.js:24:14)
14 verbose stack     at emitTwo (events.js:126:13)
14 verbose stack     at ChildProcess.emit (events.js:214:7)
14 verbose stack     at maybeClose (internal/child_process.js:925:16)
14 verbose stack     at Process.ChildProcess._handle.onexit (internal/child_process.js:209:5)
15 verbose pkgid react-apollo-express-example@1.0.0
16 verbose cwd /home/romanpeskov/projects/chat
17 error Linux 4.15.0-46-generic
18 error argv "/usr/bin/node" "/usr/bin/npm" "run" "server"
19 error node v8.10.0
20 error npm  v3.5.2
21 error code ELIFECYCLE
22 error react-apollo-express-example@1.0.0 server: `nodemon ./server/server.js`
22 error Exit status 143
23 error Failed at the react-apollo-express-example@1.0.0 server script 'nodemon ./server/server.js'.
23 error Make sure you have the latest version of node.js and npm installed.
23 error If you do, this is most likely a problem with the react-apollo-express-example package,
23 error not with npm itself.
23 error Tell the author that this fails on your system:
23 error     nodemon ./server/server.js
23 error You can get information on how to open an issue for this project with:
23 error     npm bugs react-apollo-express-example
23 error Or if that isn't available, you can get their info via:
23 error     npm owner ls react-apollo-express-example
23 error There is likely additional logging output above.
24 verbose exit [ 1, true ]
